# JRE version: OpenJDK Runtime Environment (11.0.13) (build 11.0.13+0-b1751.21-8125866)
# Java VM: OpenJDK 64-Bit Server VM (11.0.13+0-b1751.21-8125866, mixed mode, tiered, compressed oops, g1 gc, windows-amd64)
Heap:
 garbage-first heap   total 378880K, used 216691K [0x0000000080000000, 0x0000000100000000)
  region size 1024K, 72 young (73728K), 5 survivors (5120K)
 Metaspace       used 163788K, capacity 169967K, committed 179876K, reserved 1206272K
  class space    used 19139K, capacity 21345K, committed 23884K, reserved 1048576K
GC Heap History (20 events):
Event: 31067.079 GC heap before
{Heap before GC invocations=487 (full 1):
 garbage-first heap   total 378880K, used 220048K [0x0000000080000000, 0x0000000100000000)
  region size 1024K, 54 young (55296K), 3 survivors (3072K)
 Metaspace       used 162031K, capacity 168073K, committed 179876K, reserved 1206272K
  class space    used 18931K, capacity 21118K, committed 23884K, reserved 1048576K
}
Event: 31067.123 GC heap after
{Heap after GC invocations=488 (full 1):
 garbage-first heap   total 378880K, used 192924K [0x0000000080000000, 0x0000000100000000)
  region size 1024K, 11 young (11264K), 11 survivors (11264K)
 Metaspace       used 162031K, capacity 168073K, committed 179876K, reserved 1206272K
  class space    used 18931K, capacity 21118K, committed 23884K, reserved 1048576K
}
Event: 31069.888 GC heap before
{Heap before GC invocations=489 (full 1):
 garbage-first heap   total 378880K, used 278940K [0x0000000080000000, 0x0000000100000000)
  region size 1024K, 70 young (71680K), 11 survivors (11264K)
 Metaspace       used 162039K, capacity 168079K, committed 179876K, reserved 1206272K
  class space    used 18931K, capacity 21119K, committed 23884K, reserved 1048576K
}
Event: 31069.920 GC heap after
{Heap after GC invocations=490 (full 1):
 garbage-first heap   total 378880K, used 199666K [0x0000000080000000, 0x0000000100000000)
  region size 1024K, 8 young (8192K), 8 survivors (8192K)
 Metaspace       used 162039K, capacity 168079K, committed 179876K, reserved 1206272K
  class space    used 18931K, capacity 21119K, committed 23884K, reserved 1048576K
}
Event: 31069.948 GC heap before
{Heap before GC invocations=490 (full 1):
 garbage-first heap   total 378880K, used 208882K [0x0000000080000000, 0x0000000100000000)
  region size 1024K, 18 young (18432K), 8 survivors (8192K)
 Metaspace       used 162039K, capacity 168079K, committed 179876K, reserved 1206272K
  class space    used 18931K, capacity 21119K, committed 23884K, reserved 1048576K
}
Event: 31069.958 GC heap after
{Heap after GC invocations=491 (full 1):
 garbage-first heap   total 378880K, used 186994K [0x0000000080000000, 0x0000000100000000)
  region size 1024K, 3 young (3072K), 3 survivors (3072K)
 Metaspace       used 162039K, capacity 168079K, committed 179876K, reserved 1206272K
  class space    used 18931K, capacity 21119K, committed 23884K, reserved 1048576K
}
Event: 31070.309 GC heap before
{Heap before GC invocations=491 (full 1):
 garbage-first heap   total 378880K, used 244338K [0x0000000080000000, 0x0000000100000000)
  region size 1024K, 61 young (62464K), 3 survivors (3072K)
 Metaspace       used 162043K, capacity 168079K, committed 179876K, reserved 1206272K
  class space    used 18931K, capacity 21119K, committed 23884K, reserved 1048576K
}
Event: 31070.315 GC heap after
{Heap after GC invocations=492 (full 1):
 garbage-first heap   total 378880K, used 187268K [0x0000000080000000, 0x0000000100000000)
  region size 1024K, 3 young (3072K), 3 survivors (3072K)
 Metaspace       used 162043K, capacity 168079K, committed 179876K, reserved 1206272K
  class space    used 18931K, capacity 21119K, committed 23884K, reserved 1048576K
}
Event: 31856.538 GC heap before
{Heap before GC invocations=493 (full 1):
 garbage-first heap   total 378880K, used 266116K [0x0000000080000000, 0x0000000100000000)
  region size 1024K, 84 young (86016K), 3 survivors (3072K)
 Metaspace       used 162058K, capacity 168143K, committed 179876K, reserved 1206272K
  class space    used 18931K, capacity 21119K, committed 23884K, reserved 1048576K
}
Event: 31856.551 GC heap after
{Heap after GC invocations=494 (full 1):
 garbage-first heap   total 378880K, used 173743K [0x0000000080000000, 0x0000000100000000)
  region size 1024K, 10 young (10240K), 10 survivors (10240K)
 Metaspace       used 162058K, capacity 168143K, committed 179876K, reserved 1206272K
  class space    used 18931K, capacity 21119K, committed 23884K, reserved 1048576K
}
Event: 31856.583 GC heap before
{Heap before GC invocations=494 (full 1):
 garbage-first heap   total 378880K, used 180911K [0x0000000080000000, 0x0000000100000000)
  region size 1024K, 18 young (18432K), 10 survivors (10240K)
 Metaspace       used 162058K, capacity 168143K, committed 179876K, reserved 1206272K
  class space    used 18931K, capacity 21119K, committed 23884K, reserved 1048576K
}
Event: 31856.596 GC heap after
{Heap after GC invocations=495 (full 1):
 garbage-first heap   total 378880K, used 152225K [0x0000000080000000, 0x0000000100000000)
  region size 1024K, 2 young (2048K), 2 survivors (2048K)
 Metaspace       used 162058K, capacity 168143K, committed 179876K, reserved 1206272K
  class space    used 18931K, capacity 21119K, committed 23884K, reserved 1048576K
}
Event: 31856.616 GC heap before
{Heap before GC invocations=495 (full 1):
 garbage-first heap   total 378880K, used 156321K [0x0000000080000000, 0x0000000100000000)
  region size 1024K, 7 young (7168K), 2 survivors (2048K)
 Metaspace       used 162063K, capacity 168143K, committed 179876K, reserved 1206272K
  class space    used 18931K, capacity 21119K, committed 23884K, reserved 1048576K
}
Event: 31856.624 GC heap after
{Heap after GC invocations=496 (full 1):
 garbage-first heap   total 378880K, used 151919K [0x0000000080000000, 0x0000000100000000)
  region size 1024K, 2 young (2048K), 2 survivors (2048K)
 Metaspace       used 162063K, capacity 168143K, committed 179876K, reserved 1206272K
  class space    used 18931K, capacity 21119K, committed 23884K, reserved 1048576K
}
Event: 31857.338 GC heap before
{Heap before GC invocations=497 (full 1):
 garbage-first heap   total 378880K, used 274799K [0x0000000080000000, 0x0000000100000000)
  region size 1024K, 96 young (98304K), 2 survivors (2048K)
 Metaspace       used 162035K, capacity 168095K, committed 179876K, reserved 1206272K
  class space    used 18924K, capacity 21105K, committed 23884K, reserved 1048576K
}
Event: 31857.345 GC heap after
{Heap after GC invocations=498 (full 1):
 garbage-first heap   total 378880K, used 149989K [0x0000000080000000, 0x0000000100000000)
  region size 1024K, 4 young (4096K), 4 survivors (4096K)
 Metaspace       used 162035K, capacity 168095K, committed 179876K, reserved 1206272K
  class space    used 18924K, capacity 21105K, committed 23884K, reserved 1048576K
}
Event: 31857.407 GC heap before
{Heap before GC invocations=498 (full 1):
 garbage-first heap   total 378880K, used 164325K [0x0000000080000000, 0x0000000100000000)
  region size 1024K, 18 young (18432K), 4 survivors (4096K)
 Metaspace       used 162045K, capacity 168101K, committed 179876K, reserved 1206272K
  class space    used 18924K, capacity 21106K, committed 23884K, reserved 1048576K
}
Event: 31857.413 GC heap after
{Heap after GC invocations=499 (full 1):
 garbage-first heap   total 378880K, used 140037K [0x0000000080000000, 0x0000000100000000)
  region size 1024K, 3 young (3072K), 3 survivors (3072K)
 Metaspace       used 162045K, capacity 168101K, committed 179876K, reserved 1206272K
  class space    used 18924K, capacity 21106K, committed 23884K, reserved 1048576K
}
Event: 31864.364 GC heap before
{Heap before GC invocations=499 (full 1):
 garbage-first heap   total 378880K, used 250629K [0x0000000080000000, 0x0000000100000000)
  region size 1024K, 112 young (114688K), 3 survivors (3072K)
 Metaspace       used 162062K, capacity 168166K, committed 179876K, reserved 1206272K
  class space    used 18925K, capacity 21106K, committed 23884K, reserved 1048576K
}
Event: 31864.372 GC heap after
{Heap after GC invocations=500 (full 1):
 garbage-first heap   total 378880K, used 141939K [0x0000000080000000, 0x0000000100000000)
  region size 1024K, 5 young (5120K), 5 survivors (5120K)
 Metaspace       used 162062K, capacity 168166K, committed 179876K, reserved 1206272K
  class space    used 18925K, capacity 21106K, committed 23884K, reserved 1048576K
}

