# JRE version: OpenJDK Runtime Environment (11.0.13) (build 11.0.13+0-b1751.21-8125866)
# Java VM: OpenJDK 64-Bit Server VM (11.0.13+0-b1751.21-8125866, mixed mode, tiered, compressed oops, g1 gc, windows-amd64)
Heap:
 garbage-first heap   total 196608K, used 72077K [0x0000000081e00000, 0x0000000100000000)
  region size 1024K, 24 young (24576K), 6 survivors (6144K)
 Metaspace       used 65947K, capacity 66801K, committed 67060K, reserved 1107968K
  class space    used 7574K, capacity 7926K, committed 7984K, reserved 1048576K
GC Heap History (18 events):
Event: 0.639 GC heap before
{Heap before GC invocations=0 (full 0):
 garbage-first heap   total 131072K, used 28672K [0x0000000081e00000, 0x0000000100000000)
  region size 1024K, 24 young (24576K), 0 survivors (0K)
 Metaspace       used 12121K, capacity 12222K, committed 12416K, reserved 1060864K
  class space    used 1082K, capacity 1113K, committed 1152K, reserved 1048576K
}
Event: 0.643 GC heap after
{Heap after GC invocations=1 (full 0):
 garbage-first heap   total 131072K, used 7285K [0x0000000081e00000, 0x0000000100000000)
  region size 1024K, 3 young (3072K), 3 survivors (3072K)
 Metaspace       used 12121K, capacity 12222K, committed 12416K, reserved 1060864K
  class space    used 1082K, capacity 1113K, committed 1152K, reserved 1048576K
}
Event: 1.397 GC heap before
{Heap before GC invocations=1 (full 0):
 garbage-first heap   total 131072K, used 46197K [0x0000000081e00000, 0x0000000100000000)
  region size 1024K, 42 young (43008K), 3 survivors (3072K)
 Metaspace       used 20974K, capacity 21197K, committed 21296K, reserved 1069056K
  class space    used 2222K, capacity 2305K, committed 2352K, reserved 1048576K
}
Event: 1.410 GC heap after
{Heap after GC invocations=2 (full 0):
 garbage-first heap   total 131072K, used 11191K [0x0000000081e00000, 0x0000000100000000)
  region size 1024K, 7 young (7168K), 7 survivors (7168K)
 Metaspace       used 20974K, capacity 21197K, committed 21296K, reserved 1069056K
  class space    used 2222K, capacity 2305K, committed 2352K, reserved 1048576K
}
Event: 2.481 GC heap before
{Heap before GC invocations=3 (full 0):
 garbage-first heap   total 131072K, used 69559K [0x0000000081e00000, 0x0000000100000000)
  region size 1024K, 58 young (59392K), 7 survivors (7168K)
 Metaspace       used 32786K, capacity 33313K, committed 33584K, reserved 1079296K
  class space    used 4108K, capacity 4316K, committed 4400K, reserved 1048576K
}
Event: 2.504 GC heap after
{Heap after GC invocations=4 (full 0):
 garbage-first heap   total 131072K, used 23641K [0x0000000081e00000, 0x0000000100000000)
  region size 1024K, 8 young (8192K), 8 survivors (8192K)
 Metaspace       used 32786K, capacity 33313K, committed 33584K, reserved 1079296K
  class space    used 4108K, capacity 4316K, committed 4400K, reserved 1048576K
}
Event: 2.658 GC heap before
{Heap before GC invocations=4 (full 0):
 garbage-first heap   total 131072K, used 30809K [0x0000000081e00000, 0x0000000100000000)
  region size 1024K, 16 young (16384K), 8 survivors (8192K)
 Metaspace       used 35003K, capacity 35462K, committed 35632K, reserved 1081344K
  class space    used 4362K, capacity 4542K, committed 4656K, reserved 1048576K
}
Event: 2.670 GC heap after
{Heap after GC invocations=5 (full 0):
 garbage-first heap   total 131072K, used 24956K [0x0000000081e00000, 0x0000000100000000)
  region size 1024K, 1 young (1024K), 1 survivors (1024K)
 Metaspace       used 35003K, capacity 35462K, committed 35632K, reserved 1081344K
  class space    used 4362K, capacity 4542K, committed 4656K, reserved 1048576K
}
Event: 3.384 GC heap before
{Heap before GC invocations=6 (full 0):
 garbage-first heap   total 131072K, used 67964K [0x0000000081e00000, 0x0000000100000000)
  region size 1024K, 43 young (44032K), 1 survivors (1024K)
 Metaspace       used 42272K, capacity 42775K, committed 43056K, reserved 1087488K
  class space    used 5069K, capacity 5292K, committed 5424K, reserved 1048576K
}
Event: 3.394 GC heap after
{Heap after GC invocations=7 (full 0):
 garbage-first heap   total 157696K, used 27957K [0x0000000081e00000, 0x0000000100000000)
  region size 1024K, 6 young (6144K), 6 survivors (6144K)
 Metaspace       used 42272K, capacity 42775K, committed 43056K, reserved 1087488K
  class space    used 5069K, capacity 5292K, committed 5424K, reserved 1048576K
}
Event: 4.424 GC heap before
{Heap before GC invocations=7 (full 0):
 garbage-first heap   total 157696K, used 86325K [0x0000000081e00000, 0x0000000100000000)
  region size 1024K, 60 young (61440K), 6 survivors (6144K)
 Metaspace       used 50677K, capacity 51356K, committed 51632K, reserved 1095680K
  class space    used 5958K, capacity 6224K, committed 6320K, reserved 1048576K
}
Event: 4.441 GC heap after
{Heap after GC invocations=8 (full 0):
 garbage-first heap   total 157696K, used 34049K [0x0000000081e00000, 0x0000000100000000)
  region size 1024K, 5 young (5120K), 5 survivors (5120K)
 Metaspace       used 50677K, capacity 51356K, committed 51632K, reserved 1095680K
  class space    used 5958K, capacity 6224K, committed 6320K, reserved 1048576K
}
Event: 6.326 GC heap before
{Heap before GC invocations=8 (full 0):
 garbage-first heap   total 157696K, used 91393K [0x0000000081e00000, 0x0000000100000000)
  region size 1024K, 61 young (62464K), 5 survivors (5120K)
 Metaspace       used 57886K, capacity 58562K, committed 58800K, reserved 1101824K
  class space    used 6692K, capacity 6980K, committed 7088K, reserved 1048576K
}
Event: 6.352 GC heap after
{Heap after GC invocations=9 (full 0):
 garbage-first heap   total 157696K, used 42789K [0x0000000081e00000, 0x0000000100000000)
  region size 1024K, 8 young (8192K), 8 survivors (8192K)
 Metaspace       used 57886K, capacity 58562K, committed 58800K, reserved 1101824K
  class space    used 6692K, capacity 6980K, committed 7088K, reserved 1048576K
}
Event: 7.207 GC heap before
{Heap before GC invocations=9 (full 0):
 garbage-first heap   total 157696K, used 80677K [0x0000000081e00000, 0x0000000100000000)
  region size 1024K, 46 young (47104K), 8 survivors (8192K)
 Metaspace       used 58894K, capacity 59610K, committed 59816K, reserved 1101824K
  class space    used 6780K, capacity 7052K, committed 7088K, reserved 1048576K
}
Event: 7.243 GC heap after
{Heap after GC invocations=10 (full 0):
 garbage-first heap   total 157696K, used 49624K [0x0000000081e00000, 0x0000000100000000)
  region size 1024K, 7 young (7168K), 7 survivors (7168K)
 Metaspace       used 58894K, capacity 59610K, committed 59816K, reserved 1101824K
  class space    used 6780K, capacity 7052K, committed 7088K, reserved 1048576K
}
Event: 9.056 GC heap before
{Heap before GC invocations=11 (full 0):
 garbage-first heap   total 157696K, used 99800K [0x0000000081e00000, 0x0000000100000000)
  region size 1024K, 56 young (57344K), 7 survivors (7168K)
 Metaspace       used 63831K, capacity 64677K, committed 64884K, reserved 1105920K
  class space    used 7400K, capacity 7754K, committed 7856K, reserved 1048576K
}
Event: 9.081 GC heap after
{Heap after GC invocations=12 (full 0):
 garbage-first heap   total 196608K, used 54669K [0x0000000081e00000, 0x0000000100000000)
  region size 1024K, 6 young (6144K), 6 survivors (6144K)
 Metaspace       used 63831K, capacity 64677K, committed 64884K, reserved 1105920K
  class space    used 7400K, capacity 7754K, committed 7856K, reserved 1048576K
}

