# JRE version: OpenJDK Runtime Environment (11.0.13) (build 11.0.13+0-b1751.21-8125866)
# Java VM: OpenJDK 64-Bit Server VM (11.0.13+0-b1751.21-8125866, mixed mode, tiered, compressed oops, g1 gc, windows-amd64)
Heap:
 garbage-first heap   total 157696K, used 28060K [0x0000000080000000, 0x0000000100000000)
  region size 1024K, 9 young (9216K), 9 survivors (9216K)
 Metaspace       used 40197K, capacity 41181K, committed 41552K, reserved 1085440K
  class space    used 5066K, capacity 5417K, committed 5536K, reserved 1048576K
GC Heap History (11 events):
Event: 1.294 GC heap before
{Heap before GC invocations=0 (full 0):
 garbage-first heap   total 131072K, used 29696K [0x0000000080000000, 0x0000000100000000)
  region size 1024K, 24 young (24576K), 0 survivors (0K)
 Metaspace       used 9774K, capacity 9956K, committed 10112K, reserved 1058816K
  class space    used 1001K, capacity 1069K, committed 1152K, reserved 1048576K
}
Event: 1.302 GC heap after
{Heap after GC invocations=1 (full 0):
 garbage-first heap   total 131072K, used 9342K [0x0000000080000000, 0x0000000100000000)
  region size 1024K, 3 young (3072K), 3 survivors (3072K)
 Metaspace       used 9774K, capacity 9956K, committed 10112K, reserved 1058816K
  class space    used 1001K, capacity 1069K, committed 1152K, reserved 1048576K
}
Event: 4.120 GC heap before
{Heap before GC invocations=1 (full 0):
 garbage-first heap   total 131072K, used 84094K [0x0000000080000000, 0x0000000100000000)
  region size 1024K, 76 young (77824K), 3 survivors (3072K)
 Metaspace       used 17521K, capacity 17843K, committed 18048K, reserved 1064960K
  class space    used 2033K, capacity 2145K, committed 2176K, reserved 1048576K
}
Event: 4.148 GC heap after
{Heap after GC invocations=2 (full 0):
 garbage-first heap   total 131072K, used 16058K [0x0000000080000000, 0x0000000100000000)
  region size 1024K, 10 young (10240K), 10 survivors (10240K)
 Metaspace       used 17521K, capacity 17843K, committed 18048K, reserved 1064960K
  class space    used 2033K, capacity 2145K, committed 2176K, reserved 1048576K
}
Event: 4.699 GC heap before
{Heap before GC invocations=2 (full 0):
 garbage-first heap   total 131072K, used 46778K [0x0000000080000000, 0x0000000100000000)
  region size 1024K, 41 young (41984K), 10 survivors (10240K)
 Metaspace       used 20816K, capacity 21189K, committed 21296K, reserved 1069056K
  class space    used 2526K, capacity 2688K, committed 2688K, reserved 1048576K
}
Event: 4.713 GC heap after
{Heap after GC invocations=3 (full 0):
 garbage-first heap   total 131072K, used 17216K [0x0000000080000000, 0x0000000100000000)
  region size 1024K, 2 young (2048K), 2 survivors (2048K)
 Metaspace       used 20816K, capacity 21189K, committed 21296K, reserved 1069056K
  class space    used 2526K, capacity 2688K, committed 2688K, reserved 1048576K
}
Event: 5.995 GC heap before
{Heap before GC invocations=4 (full 0):
 garbage-first heap   total 131072K, used 78656K [0x0000000080000000, 0x0000000100000000)
  region size 1024K, 62 young (63488K), 2 survivors (2048K)
 Metaspace       used 26958K, capacity 27477K, committed 27772K, reserved 1073152K
  class space    used 3491K, capacity 3706K, committed 3788K, reserved 1048576K
}
Event: 6.000 GC heap after
{Heap after GC invocations=5 (full 0):
 garbage-first heap   total 131072K, used 19125K [0x0000000080000000, 0x0000000100000000)
  region size 1024K, 4 young (4096K), 4 survivors (4096K)
 Metaspace       used 26958K, capacity 27477K, committed 27772K, reserved 1073152K
  class space    used 3491K, capacity 3706K, committed 3788K, reserved 1048576K
}
Event: 7.208 GC heap before
{Heap before GC invocations=5 (full 0):
 garbage-first heap   total 131072K, used 73397K [0x0000000080000000, 0x0000000100000000)
  region size 1024K, 58 young (59392K), 4 survivors (4096K)
 Metaspace       used 35163K, capacity 35968K, committed 36048K, reserved 1081344K
  class space    used 4511K, capacity 4837K, committed 4896K, reserved 1048576K
}
Event: 7.223 GC heap after
{Heap after GC invocations=6 (full 0):
 garbage-first heap   total 131072K, used 22552K [0x0000000080000000, 0x0000000100000000)
  region size 1024K, 7 young (7168K), 7 survivors (7168K)
 Metaspace       used 35163K, capacity 35968K, committed 36048K, reserved 1081344K
  class space    used 4511K, capacity 4837K, committed 4896K, reserved 1048576K
}
Event: 8.598 GC heap before
{Heap before GC invocations=7 (full 0):
 garbage-first heap   total 131072K, used 93208K [0x0000000080000000, 0x0000000100000000)
  region size 1024K, 74 young (75776K), 7 survivors (7168K)
 Metaspace       used 40197K, capacity 41181K, committed 41552K, reserved 1085440K
  class space    used 5066K, capacity 5417K, committed 5536K, reserved 1048576K
}

